<?xml version="1.0" encoding="UTF-8"?>
<!-- Generated by org.testng.reporters.JUnitXMLReporter -->
<testsuite ignored="0" hostname="DESKTOP-6QB5I7N" failures="0" tests="4" name="PetStoreTest" time="15.526" errors="0" timestamp="2025-04-03T22:56:11 IST">
  <testcase classname="api.test.UserTest2" name="postTestCreateUser" time="3.214"/>
  <testcase classname="api.test.UserTest2" name="getTestUserByName" time="3.115"/>
  <testcase classname="api.test.UserTest2" name="putTestUpdateUserByName" time="4.134"/>
  <testcase classname="api.test.UserTest2" name="deleteTestUserByName" time="4.058"/>
</testsuite> <!-- PetStoreTest -->
