<?xml version="1.0" encoding="UTF-8"?>
<!-- Generated by org.testng.reporters.JUnitXMLReporter -->
<testsuite ignored="0" hostname="DESKTOP-6QB5I7N" failures="0" tests="4" name="Default test" time="15.955" errors="0" timestamp="2025-04-03T22:35:19 IST">
  <testcase classname="api.test.UserTest2" name="postTestCreateUser" time="3.753"/>
  <testcase classname="api.test.UserTest2" name="getTestUserByName" time="3.068"/>
  <testcase classname="api.test.UserTest2" name="putTestUpdateUserByName" time="4.221"/>
  <testcase classname="api.test.UserTest2" name="deleteTestUserByName" time="4.135"/>
</testsuite> <!-- Default test -->
