<?xml version="1.0" encoding="UTF-8"?>
<testng-results ignored="0" total="4" passed="4" failed="0" skipped="0">
  <reporter-output>
  </reporter-output>
  <suite started-at="2025-04-03T22:55:55 IST" name="PetStoreSuite" finished-at="2025-04-03T22:56:11 IST" duration-ms="15526">
    <groups>
    </groups>
    <test started-at="2025-04-03T22:55:55 IST" name="PetStoreTest" finished-at="2025-04-03T22:56:11 IST" duration-ms="15526">
      <class name="api.test.UserTest2">
        <test-method is-config="true" signature="setup()[pri:0, instance:api.test.UserTest2@702657cc]" started-at="2025-04-03T22:55:56 IST" name="setup" finished-at="2025-04-03T22:55:56 IST" duration-ms="681" status="PASS">
          <reporter-output>
          </reporter-output>
        </test-method> <!-- setup -->
        <test-method signature="postTestCreateUser()[pri:1, instance:api.test.UserTest2@702657cc]" started-at="2025-04-03T22:55:56 IST" name="postTestCreateUser" finished-at="2025-04-03T22:56:00 IST" duration-ms="3214" status="PASS">
          <reporter-output>
          </reporter-output>
        </test-method> <!-- postTestCreateUser -->
        <test-method signature="getTestUserByName()[pri:2, instance:api.test.UserTest2@702657cc]" started-at="2025-04-03T22:56:00 IST" name="getTestUserByName" finished-at="2025-04-03T22:56:03 IST" duration-ms="3115" status="PASS">
          <reporter-output>
          </reporter-output>
        </test-method> <!-- getTestUserByName -->
        <test-method signature="putTestUpdateUserByName()[pri:3, instance:api.test.UserTest2@702657cc]" started-at="2025-04-03T22:56:03 IST" name="putTestUpdateUserByName" finished-at="2025-04-03T22:56:07 IST" duration-ms="4134" status="PASS">
          <reporter-output>
          </reporter-output>
        </test-method> <!-- putTestUpdateUserByName -->
        <test-method signature="deleteTestUserByName()[pri:4, instance:api.test.UserTest2@702657cc]" started-at="2025-04-03T22:56:07 IST" name="deleteTestUserByName" finished-at="2025-04-03T22:56:11 IST" duration-ms="4058" status="PASS">
          <reporter-output>
          </reporter-output>
        </test-method> <!-- deleteTestUserByName -->
      </class> <!-- api.test.UserTest2 -->
    </test> <!-- PetStoreTest -->
  </suite> <!-- PetStoreSuite -->
</testng-results>
