<?xml version="1.0" encoding="UTF-8"?>
<testng-results ignored="0" total="4" passed="4" failed="0" skipped="0">
  <reporter-output>
  </reporter-output>
  <suite started-at="2025-04-03T22:35:03 IST" name="Default suite" finished-at="2025-04-03T22:35:19 IST" duration-ms="15955">
    <groups>
    </groups>
    <test started-at="2025-04-03T22:35:03 IST" name="Default test" finished-at="2025-04-03T22:35:19 IST" duration-ms="15955">
      <class name="api.test.UserTest2">
        <test-method is-config="true" signature="setup()[pri:0, instance:api.test.UserTest2@475c9c31]" started-at="2025-04-03T22:35:03 IST" name="setup" finished-at="2025-04-03T22:35:04 IST" duration-ms="727" status="PASS">
          <reporter-output>
          </reporter-output>
        </test-method> <!-- setup -->
        <test-method signature="postTestCreateUser()[pri:1, instance:api.test.UserTest2@475c9c31]" started-at="2025-04-03T22:35:04 IST" name="postTestCreateUser" finished-at="2025-04-03T22:35:07 IST" duration-ms="3753" status="PASS">
          <reporter-output>
          </reporter-output>
        </test-method> <!-- postTestCreateUser -->
        <test-method signature="getTestUserByName()[pri:2, instance:api.test.UserTest2@475c9c31]" started-at="2025-04-03T22:35:07 IST" name="getTestUserByName" finished-at="2025-04-03T22:35:10 IST" duration-ms="3068" status="PASS">
          <reporter-output>
          </reporter-output>
        </test-method> <!-- getTestUserByName -->
        <test-method signature="putTestUpdateUserByName()[pri:3, instance:api.test.UserTest2@475c9c31]" started-at="2025-04-03T22:35:10 IST" name="putTestUpdateUserByName" finished-at="2025-04-03T22:35:15 IST" duration-ms="4221" status="PASS">
          <reporter-output>
          </reporter-output>
        </test-method> <!-- putTestUpdateUserByName -->
        <test-method signature="deleteTestUserByName()[pri:4, instance:api.test.UserTest2@475c9c31]" started-at="2025-04-03T22:35:15 IST" name="deleteTestUserByName" finished-at="2025-04-03T22:35:19 IST" duration-ms="4135" status="PASS">
          <reporter-output>
          </reporter-output>
        </test-method> <!-- deleteTestUserByName -->
      </class> <!-- api.test.UserTest2 -->
    </test> <!-- Default test -->
  </suite> <!-- Default suite -->
</testng-results>
